<?xml version="1.0" encoding="UTF-8"?>
<!-- Generated by org.testng.reporters.JUnitXMLReporter -->
<testsuite hostname="Q14589" name="Default test" tests="3" failures="0" timestamp="18 Jul 2016 09:39:40 GMT" time="40.962" errors="0">
  <testcase name="Suppliers" time="2.26" classname="com.stockaccounting.scripts.SuppliersTestng"/>
  <testcase name="Suppliercreation" time="18.88" classname="com.stockaccounting.scripts.SuppliersTestng"/>
  <testcase name="Suppliercreation" time="16.972" classname="com.stockaccounting.scripts.SuppliersTestng"/>
</testsuite> <!-- Default test -->
