<?xml version="1.0" encoding="UTF-8"?>
<testng-results skipped="0" failed="0" total="3" passed="3">
  <reporter-output>
  </reporter-output>
  <suite name="Default suite" duration-ms="40962" started-at="2016-07-18T09:38:59Z" finished-at="2016-07-18T09:39:40Z">
    <groups>
    </groups>
    <test name="Default test" duration-ms="40962" started-at="2016-07-18T09:38:59Z" finished-at="2016-07-18T09:39:40Z">
      <class name="com.stockaccounting.scripts.SuppliersTestng">
        <test-method status="PASS" signature="OpenApp()[pri:0, instance:com.stockaccounting.scripts.SuppliersTestng@311d5216]" name="OpenApp" is-config="true" duration-ms="10369" started-at="2016-07-18T15:08:49Z" finished-at="2016-07-18T15:08:59Z">
          <reporter-output>
          </reporter-output>
        </test-method> <!-- OpenApp -->
        <test-method status="PASS" signature="Adminlogin()[pri:0, instance:com.stockaccounting.scripts.SuppliersTestng@311d5216]" name="Adminlogin" is-config="true" duration-ms="2287" started-at="2016-07-18T15:08:59Z" finished-at="2016-07-18T15:09:01Z">
          <reporter-output>
          </reporter-output>
        </test-method> <!-- Adminlogin -->
        <test-method status="PASS" signature="Suppliers()[pri:0, instance:com.stockaccounting.scripts.SuppliersTestng@311d5216]" name="Suppliers" duration-ms="2260" started-at="2016-07-18T15:09:01Z" finished-at="2016-07-18T15:09:04Z">
          <reporter-output>
          </reporter-output>
        </test-method> <!-- Suppliers -->
        <test-method status="PASS" signature="Suppliercreation(java.lang.String, java.lang.String, java.lang.String, java.lang.String, java.lang.String, java.lang.String, java.lang.String, java.lang.String, java.lang.String)[pri:1, instance:com.stockaccounting.scripts.SuppliersTestng@311d5216]" name="Suppliercreation" duration-ms="18880" started-at="2016-07-18T15:09:04Z" data-provider="udata" finished-at="2016-07-18T15:09:23Z">
          <params>
            <param index="0">
              <value>
                <![CDATA[navya]]>
              </value>
            </param>
            <param index="1">
              <value>
                <![CDATA[lb.nagar]]>
              </value>
            </param>
            <param index="2">
              <value>
                <![CDATA[hyd]]>
              </value>
            </param>
            <param index="3">
              <value>
                <![CDATA[India]]>
              </value>
            </param>
            <param index="4">
              <value>
                <![CDATA[madhu]]>
              </value>
            </param>
            <param index="5">
              <value>
                <![CDATA[985678990]]>
              </value>
            </param>
            <param index="6">
              <value>
                <![CDATA[tfggh@gmail.com]]>
              </value>
            </param>
            <param index="7">
              <value>
                <![CDATA[98656789]]>
              </value>
            </param>
            <param index="8">
              <value>
                <![CDATA[note]]>
              </value>
            </param>
          </params>
          <reporter-output>
          </reporter-output>
        </test-method> <!-- Suppliercreation -->
        <test-method status="PASS" signature="Suppliercreation(java.lang.String, java.lang.String, java.lang.String, java.lang.String, java.lang.String, java.lang.String, java.lang.String, java.lang.String, java.lang.String)[pri:1, instance:com.stockaccounting.scripts.SuppliersTestng@311d5216]" name="Suppliercreation" duration-ms="16972" started-at="2016-07-18T15:09:23Z" data-provider="udata" finished-at="2016-07-18T15:09:40Z">
          <params>
            <param index="0">
              <value>
                <![CDATA[navya1]]>
              </value>
            </param>
            <param index="1">
              <value>
                <![CDATA[lb.nagarg]]>
              </value>
            </param>
            <param index="2">
              <value>
                <![CDATA[hydh]]>
              </value>
            </param>
            <param index="3">
              <value>
                <![CDATA[Indian]]>
              </value>
            </param>
            <param index="4">
              <value>
                <![CDATA[madhuri]]>
              </value>
            </param>
            <param index="5">
              <value>
                <![CDATA[985678980]]>
              </value>
            </param>
            <param index="6">
              <value>
                <![CDATA[tfgih@gmail.com]]>
              </value>
            </param>
            <param index="7">
              <value>
                <![CDATA[986568789]]>
              </value>
            </param>
            <param index="8">
              <value>
                <![CDATA[note1]]>
              </value>
            </param>
          </params>
          <reporter-output>
          </reporter-output>
        </test-method> <!-- Suppliercreation -->
        <test-method status="PASS" signature="Logout()[pri:0, instance:com.stockaccounting.scripts.SuppliersTestng@311d5216]" name="Logout" is-config="true" duration-ms="529" started-at="2016-07-18T15:09:40Z" finished-at="2016-07-18T15:09:40Z">
          <reporter-output>
          </reporter-output>
        </test-method> <!-- Logout -->
        <test-method status="PASS" signature="CloseApp()[pri:0, instance:com.stockaccounting.scripts.SuppliersTestng@311d5216]" name="CloseApp" is-config="true" duration-ms="36" started-at="2016-07-18T15:09:40Z" finished-at="2016-07-18T15:09:40Z">
          <reporter-output>
          </reporter-output>
        </test-method> <!-- CloseApp -->
      </class> <!-- com.stockaccounting.scripts.SuppliersTestng -->
    </test> <!-- Default test -->
  </suite> <!-- Default suite -->
</testng-results>
